<?xml version="1.0" encoding="UTF-8"?>
<!-- Generated by org.testng.reporters.JUnitReportReporter -->
<testsuite hostname="king" failures="0" tests="1" name="com.seleniumexceptionhandling.NoSuchElementException" time="54.803" errors="0" timestamp="2023-01-24T21:43:31 IST" skipped="0">
  <testcase classname="com.seleniumexceptionhandling.NoSuchElementException" name="search" time="54.803"/>
  <system-out/>
</testsuite> <!-- com.seleniumexceptionhandling.NoSuchElementException -->
