<?xml version="1.0" encoding="UTF-8"?>
<!-- Generated by org.testng.reporters.JUnitReportReporter -->
<testsuite hostname="king" failures="0" tests="1" name="com.seleniumexceptionhandling.StaleElementReferenceException" time="94.942" errors="0" timestamp="2023-01-23T22:14:52 IST" skipped="0">
  <testcase classname="com.seleniumexceptionhandling.StaleElementReferenceException" name="search" time="94.942"/>
  <system-out/>
</testsuite> <!-- com.seleniumexceptionhandling.StaleElementReferenceException -->
