<?xml version="1.0" encoding="UTF-8"?>
<!-- Generated by org.testng.reporters.JUnitReportReporter -->
<testsuite hostname="king" failures="0" tests="2" name="com.myest.LoginTest" time="30.538" errors="0" timestamp="2023-01-24T23:51:45 IST" skipped="0">
  <testcase classname="com.myest.LoginTest" name="GetLoginIntoAccount" time="29.855"/>
  <system-out/>
  <testcase classname="com.myest.LoginTest" name="validateLoginPageTitle" time="0.683"/>
  <system-out/>
</testsuite> <!-- com.myest.LoginTest -->
