<?xml version="1.0" encoding="UTF-8"?>
<!-- Generated by org.testng.reporters.JUnitReportReporter -->
<testsuite hostname="king" failures="0" tests="1" name="com.myest.AddNewCompanyTest" time="36.203" errors="0" timestamp="2023-01-22T22:29:21 IST" skipped="0">
  <testcase classname="com.myest.AddNewCompanyTest" name="AddCompany" time="36.203"/>
  <system-out/>
</testsuite> <!-- com.myest.AddNewCompanyTest -->
