<?xml version="1.0" encoding="UTF-8"?>
<!-- Generated by org.testng.reporters.JUnitReportReporter -->
<testsuite hostname="king" failures="0" tests="1" name="com.myest.LoginTest" time="25.971" errors="0" timestamp="2023-01-21T22:48:43 IST" skipped="0">
  <testcase classname="com.myest.LoginTest" name="GetLoginIntoAccount" time="25.971"/>
  <system-out/>
</testsuite> <!-- com.myest.LoginTest -->
