<?xml version="1.0" encoding="UTF-8"?>
<!-- Generated by org.testng.reporters.JUnitReportReporter -->
<testsuite hostname="king" failures="0" tests="1" name="com.myest.RegistationTest" time="40.662" errors="0" timestamp="2023-01-21T22:06:30 IST" skipped="0">
  <testcase classname="com.myest.RegistationTest" name="registerUser" time="40.662"/>
  <system-out/>
</testsuite> <!-- com.myest.RegistationTest -->
