<?xml version="1.0" encoding="UTF-8"?>
<!-- Generated by org.testng.reporters.JUnitReportReporter -->
<testsuite hostname="king" failures="0" tests="2" name="com.myest.CreateNewCompanyTest" time="7.679" errors="0" timestamp="2023-01-23T14:08:51 IST" skipped="0">
  <testcase classname="com.myest.CreateNewCompanyTest" name="verifyTaskPageTitle" time="0.046"/>
  <system-out/>
  <testcase classname="com.myest.CreateNewCompanyTest" name="addInfoInTask" time="7.633"/>
  <system-out/>
</testsuite> <!-- com.myest.CreateNewCompanyTest -->
